# JRE version: Java(TM) SE Runtime Environment (8.0_121-b13) (build 1.8.0_121-b13)
# Java VM: Java HotSpot(TM) 64-Bit Server VM (25.121-b13 mixed mode bsd-amd64 compressed oops)
Heap:
 PSYoungGen      total 315904K, used 4224K [0x0000000795580000, 0x00000007ae180000, 0x00000007c0000000)
  eden space 301568K, 1% used [0x0000000795580000,0x00000007959a02a0,0x00000007a7c00000)
  from space 14336K, 0% used [0x00000007ac580000,0x00000007ac580000,0x00000007ad380000)
  to   space 13312K, 0% used [0x00000007ad480000,0x00000007ad480000,0x00000007ae180000)
 ParOldGen       total 450048K, used 68920K [0x0000000740000000, 0x000000075b780000, 0x0000000795580000)
  object space 450048K, 15% used [0x0000000740000000,0x000000074434e1a0,0x000000075b780000)
 Metaspace       used 52639K, capacity 54908K, committed 55344K, reserved 1097728K
  class space    used 6647K, capacity 7058K, committed 7216K, reserved 1048576K
GC Heap History (10 events):
Event: 7445.656 GC heap before
{Heap before GC invocations=40 (full 9):
 PSYoungGen      total 339456K, used 339384K [0x0000000795580000, 0x00000007af480000, 0x00000007c0000000)
  eden space 333824K, 99% used [0x0000000795580000,0x00000007a9b7e9a0,0x00000007a9b80000)
  from space 5632K, 98% used [0x00000007aef00000,0x00000007af46f830,0x00000007af480000)
  to   space 15360K, 0% used [0x00000007ad680000,0x00000007ad680000,0x00000007ae580000)
 ParOldGen       total 435200K, used 211748K [0x0000000740000000, 0x000000075a900000, 0x0000000795580000)
  object space 435200K, 48% used [0x0000000740000000,0x000000074cec92b0,0x000000075a900000)
 Metaspace       used 52662K, capacity 54962K, committed 55344K, reserved 1097728K
  class space    used 6652K, capacity 7067K, committed 7216K, reserved 1048576K
Event: 7446.014 GC heap after
Heap after GC invocations=40 (full 9):
 PSYoungGen      total 323072K, used 256K [0x0000000795580000, 0x00000007aef80000, 0x00000007c0000000)
  eden space 322560K, 0% used [0x0000000795580000,0x0000000795580000,0x00000007a9080000)
  from space 512K, 50% used [0x00000007ad680000,0x00000007ad6c0020,0x00000007ad700000)
  to   space 14848K, 0% used [0x00000007ae100000,0x00000007ae100000,0x00000007aef80000)
 ParOldGen       total 435200K, used 354632K [0x0000000740000000, 0x000000075a900000, 0x0000000795580000)
  object space 435200K, 81% used [0x0000000740000000,0x0000000755a522f0,0x000000075a900000)
 Metaspace       used 52662K, capacity 54962K, committed 55344K, reserved 1097728K
  class space    used 6652K, capacity 7067K, committed 7216K, reserved 1048576K
}
Event: 7446.014 GC heap before
{Heap before GC invocations=41 (full 10):
 PSYoungGen      total 323072K, used 256K [0x0000000795580000, 0x00000007aef80000, 0x00000007c0000000)
  eden space 322560K, 0% used [0x0000000795580000,0x0000000795580000,0x00000007a9080000)
  from space 512K, 50% used [0x00000007ad680000,0x00000007ad6c0020,0x00000007ad700000)
  to   space 14848K, 0% used [0x00000007ae100000,0x00000007ae100000,0x00000007aef80000)
 ParOldGen       total 435200K, used 354632K [0x0000000740000000, 0x000000075a900000, 0x0000000795580000)
  object space 435200K, 81% used [0x0000000740000000,0x0000000755a522f0,0x000000075a900000)
 Metaspace       used 52662K, capacity 54962K, committed 55344K, reserved 1097728K
  class space    used 6652K, capacity 7067K, committed 7216K, reserved 1048576K
Event: 7446.375 GC heap after
Heap after GC invocations=41 (full 10):
 PSYoungGen      total 323072K, used 0K [0x0000000795580000, 0x00000007aef80000, 0x00000007c0000000)
  eden space 322560K, 0% used [0x0000000795580000,0x0000000795580000,0x00000007a9080000)
  from space 512K, 0% used [0x00000007ad680000,0x00000007ad680000,0x00000007ad700000)
  to   space 14848K, 0% used [0x00000007ae100000,0x00000007ae100000,0x00000007aef80000)
 ParOldGen       total 442368K, used 68925K [0x0000000740000000, 0x000000075b000000, 0x0000000795580000)
  object space 442368K, 15% used [0x0000000740000000,0x000000074434f618,0x000000075b000000)
 Metaspace       used 52628K, capacity 54908K, committed 55344K, reserved 1097728K
  class space    used 6647K, capacity 7058K, committed 7216K, reserved 1048576K
}
Event: 7723.064 GC heap before
{Heap before GC invocations=42 (full 10):
 PSYoungGen      total 323072K, used 322560K [0x0000000795580000, 0x00000007aef80000, 0x00000007c0000000)
  eden space 322560K, 100% used [0x0000000795580000,0x00000007a9080000,0x00000007a9080000)
  from space 512K, 0% used [0x00000007ad680000,0x00000007ad680000,0x00000007ad700000)
  to   space 14848K, 0% used [0x00000007ae100000,0x00000007ae100000,0x00000007aef80000)
 ParOldGen       total 442368K, used 68925K [0x0000000740000000, 0x000000075b000000, 0x0000000795580000)
  object space 442368K, 15% used [0x0000000740000000,0x000000074434f618,0x000000075b000000)
 Metaspace       used 52637K, capacity 54908K, committed 55344K, reserved 1097728K
  class space    used 6647K, capacity 7058K, committed 7216K, reserved 1048576K
Event: 7723.339 GC heap after
Heap after GC invocations=42 (full 10):
 PSYoungGen      total 312320K, used 224K [0x0000000795580000, 0x00000007ae180000, 0x00000007c0000000)
  eden space 311808K, 0% used [0x0000000795580000,0x0000000795580000,0x00000007a8600000)
  from space 512K, 43% used [0x00000007ae100000,0x00000007ae138000,0x00000007ae180000)
  to   space 14336K, 0% used [0x00000007ac580000,0x00000007ac580000,0x00000007ad380000)
 ParOldGen       total 442368K, used 176096K [0x0000000740000000, 0x000000075b000000, 0x0000000795580000)
  object space 442368K, 39% used [0x0000000740000000,0x000000074abf8248,0x000000075b000000)
 Metaspace       used 52637K, capacity 54908K, committed 55344K, reserved 1097728K
  class space    used 6647K, capacity 7058K, committed 7216K, reserved 1048576K
}
Event: 7733.106 GC heap before
{Heap before GC invocations=43 (full 10):
 PSYoungGen      total 312320K, used 312032K [0x0000000795580000, 0x00000007ae180000, 0x00000007c0000000)
  eden space 311808K, 100% used [0x0000000795580000,0x00000007a8600000,0x00000007a8600000)
  from space 512K, 43% used [0x00000007ae100000,0x00000007ae138000,0x00000007ae180000)
  to   space 14336K, 0% used [0x00000007ac580000,0x00000007ac580000,0x00000007ad380000)
 ParOldGen       total 442368K, used 176096K [0x0000000740000000, 0x000000075b000000, 0x0000000795580000)
  object space 442368K, 39% used [0x0000000740000000,0x000000074abf8248,0x000000075b000000)
 Metaspace       used 52639K, capacity 54908K, committed 55344K, reserved 1097728K
  class space    used 6647K, capacity 7058K, committed 7216K, reserved 1048576K
Event: 7733.128 GC heap after
Heap after GC invocations=43 (full 10):
 PSYoungGen      total 315904K, used 224K [0x0000000795580000, 0x00000007ae180000, 0x00000007c0000000)
  eden space 301568K, 0% used [0x0000000795580000,0x0000000795580000,0x00000007a7c00000)
  from space 14336K, 1% used [0x00000007ac580000,0x00000007ac5b8000,0x00000007ad380000)
  to   space 13312K, 0% used [0x00000007ad480000,0x00000007ad480000,0x00000007ae180000)
 ParOldGen       total 442368K, used 318988K [0x0000000740000000, 0x000000075b000000, 0x0000000795580000)
  object space 442368K, 72% used [0x0000000740000000,0x0000000753783288,0x000000075b000000)
 Metaspace       used 52639K, capacity 54908K, committed 55344K, reserved 1097728K
  class space    used 6647K, capacity 7058K, committed 7216K, reserved 1048576K
}
Event: 7733.128 GC heap before
{Heap before GC invocations=44 (full 11):
 PSYoungGen      total 315904K, used 224K [0x0000000795580000, 0x00000007ae180000, 0x00000007c0000000)
  eden space 301568K, 0% used [0x0000000795580000,0x0000000795580000,0x00000007a7c00000)
  from space 14336K, 1% used [0x00000007ac580000,0x00000007ac5b8000,0x00000007ad380000)
  to   space 13312K, 0% used [0x00000007ad480000,0x00000007ad480000,0x00000007ae180000)
 ParOldGen       total 442368K, used 318988K [0x0000000740000000, 0x000000075b000000, 0x0000000795580000)
  object space 442368K, 72% used [0x0000000740000000,0x0000000753783288,0x000000075b000000)
 Metaspace       used 52639K, capacity 54908K, committed 55344K, reserved 1097728K
  class space    used 6647K, capacity 7058K, committed 7216K, reserved 1048576K
Event: 7733.230 GC heap after
Heap after GC invocations=44 (full 11):
 PSYoungGen      total 315904K, used 0K [0x0000000795580000, 0x00000007ae180000, 0x00000007c0000000)
  eden space 301568K, 0% used [0x0000000795580000,0x0000000795580000,0x00000007a7c00000)
  from space 14336K, 0% used [0x00000007ac580000,0x00000007ac580000,0x00000007ad380000)
  to   space 13312K, 0% used [0x00000007ad480000,0x00000007ad480000,0x00000007ae180000)
 ParOldGen       total 450048K, used 68920K [0x0000000740000000, 0x000000075b780000, 0x0000000795580000)
  object space 450048K, 15% used [0x0000000740000000,0x000000074434e1a0,0x000000075b780000)
 Metaspace       used 52639K, capacity 54908K, committed 55344K, reserved 1097728K
  class space    used 6647K, capacity 7058K, committed 7216K, reserved 1048576K
}

